<?xml version="1.0" encoding="UTF-8"?>
<testsuite name="org.acme.game.GameServiceTest" tests="1" skipped="0" failures="0" errors="0" timestamp="2024-03-21T22:09:04" hostname="DESKTOP-3AF4BJJ" time="1.298">
  <properties/>
  <testcase name="testStandPlayerWins()" classname="org.acme.game.GameServiceTest" time="1.298"/>
  <system-out><![CDATA[]]></system-out>
  <system-err><![CDATA[]]></system-err>
</testsuite>
